mode: set
backend/internal/router/adapters/api_adapter.go:31.83,32.23 1 1
backend/internal/router/adapters/api_adapter.go:32.23,34.3 1 1
backend/internal/router/adapters/api_adapter.go:35.2,35.27 1 1
backend/internal/router/adapters/api_adapter.go:35.27,37.3 1 1
backend/internal/router/adapters/api_adapter.go:39.2,46.8 1 1
backend/internal/router/adapters/api_adapter.go:50.73,52.2 1 0
backend/internal/router/adapters/api_adapter.go:55.57,63.18 6 0
backend/internal/router/adapters/api_adapter.go:63.18,65.3 1 0
backend/internal/router/adapters/api_adapter.go:67.2,68.15 2 0
backend/internal/router/adapters/api_adapter.go:68.15,69.15 1 0
backend/internal/router/adapters/api_adapter.go:69.15,71.4 1 0
backend/internal/router/adapters/api_adapter.go:71.9,73.4 1 0
backend/internal/router/adapters/api_adapter.go:76.2,85.14 6 0
backend/internal/router/adapters/api_adapter.go:85.14,90.3 2 0
backend/internal/router/adapters/api_adapter.go:90.8,92.3 1 0
backend/internal/router/adapters/api_adapter.go:94.2,94.16 1 0
backend/internal/router/adapters/api_adapter.go:94.16,105.3 4 0
backend/internal/router/adapters/api_adapter.go:107.2,108.16 2 0
backend/internal/router/adapters/api_adapter.go:108.16,120.3 5 0
backend/internal/router/adapters/api_adapter.go:123.2,124.16 2 0
backend/internal/router/adapters/api_adapter.go:124.16,136.3 5 0
backend/internal/router/adapters/api_adapter.go:138.2,142.16 3 0
backend/internal/router/adapters/api_adapter.go:142.16,145.3 1 0
backend/internal/router/adapters/api_adapter.go:145.8,147.3 1 0
backend/internal/router/adapters/api_adapter.go:149.2,157.12 7 0
backend/internal/router/adapters/api_adapter.go:161.41,165.21 3 0
backend/internal/router/adapters/api_adapter.go:165.21,168.3 2 0
backend/internal/router/adapters/api_adapter.go:170.2,171.12 2 0
backend/internal/router/adapters/api_adapter.go:175.41,179.2 3 1
backend/internal/router/adapters/api_adapter.go:182.70,186.2 3 1
backend/internal/router/adapters/api_adapter.go:189.65,193.2 3 0
backend/internal/router/adapters/api_adapter.go:196.57,200.25 3 1
backend/internal/router/adapters/api_adapter.go:200.25,202.3 1 1
backend/internal/router/adapters/api_adapter.go:203.2,203.26 1 0
backend/internal/router/adapters/api_adapter.go:207.109,211.21 3 0
backend/internal/router/adapters/api_adapter.go:211.21,213.3 1 0
backend/internal/router/adapters/api_adapter.go:215.2,230.16 8 0
backend/internal/router/adapters/api_adapter.go:230.16,239.3 3 0
backend/internal/router/adapters/api_adapter.go:241.2,253.30 6 0
backend/internal/router/adapters/api_adapter.go:253.30,255.3 1 0
backend/internal/router/adapters/api_adapter.go:258.2,258.29 1 0
backend/internal/router/adapters/api_adapter.go:258.29,259.42 1 0
backend/internal/router/adapters/api_adapter.go:259.42,261.4 1 0
backend/internal/router/adapters/api_adapter.go:264.2,264.20 1 0
backend/internal/router/adapters/api_adapter.go:268.108,276.16 3 0
backend/internal/router/adapters/api_adapter.go:276.16,278.3 1 0
backend/internal/router/adapters/api_adapter.go:280.2,287.56 2 0
backend/internal/router/adapters/api_adapter.go:287.56,290.3 2 0
backend/internal/router/adapters/api_adapter.go:292.2,292.25 1 0
backend/internal/router/adapters/api_adapter.go:296.49,297.14 1 1
backend/internal/router/adapters/api_adapter.go:297.14,299.3 1 1
backend/internal/router/adapters/api_adapter.go:300.2,300.27 1 1
backend/internal/router/adapters/api_adapter.go:304.85,307.16 2 0
backend/internal/router/adapters/api_adapter.go:307.16,309.3 1 0
backend/internal/router/adapters/api_adapter.go:311.2,313.23 2 0
backend/internal/router/adapters/api_adapter.go:313.23,316.39 2 0
backend/internal/router/adapters/api_adapter.go:316.39,318.4 1 0
backend/internal/router/adapters/api_adapter.go:319.3,319.42 1 0
backend/internal/router/adapters/api_adapter.go:319.42,322.4 2 0
backend/internal/router/adapters/api_adapter.go:323.3,323.40 1 0
backend/internal/router/adapters/api_adapter.go:323.40,324.24 1 0
backend/internal/router/adapters/api_adapter.go:324.24,326.5 1 0
backend/internal/router/adapters/api_adapter.go:328.3,328.49 1 0
backend/internal/router/adapters/api_adapter.go:328.49,330.4 1 0
backend/internal/router/adapters/api_adapter.go:331.3,331.38 1 0
backend/internal/router/adapters/api_adapter.go:331.38,333.4 1 0
backend/internal/router/adapters/api_adapter.go:337.2,338.45 2 0
backend/internal/router/adapters/api_adapter.go:338.45,339.54 1 0
backend/internal/router/adapters/api_adapter.go:339.54,341.4 1 0
backend/internal/router/adapters/api_adapter.go:344.2,344.18 1 0
backend/internal/router/adapters/api_adapter.go:348.71,357.25 2 0
backend/internal/router/adapters/api_adapter.go:357.25,362.38 2 0
backend/internal/router/adapters/api_adapter.go:362.38,365.4 2 0
backend/internal/router/adapters/api_adapter.go:368.3,370.75 2 0
backend/internal/router/adapters/api_adapter.go:370.75,372.4 1 0
backend/internal/router/adapters/api_adapter.go:375.2,375.13 1 0
backend/internal/router/adapters/api_adapter.go:381.47,383.35 1 1
backend/internal/router/adapters/api_adapter.go:383.35,385.3 1 1
backend/internal/router/adapters/api_adapter.go:388.2,391.18 2 1
backend/internal/router/adapters/api_adapter.go:391.18,393.3 1 1
backend/internal/router/adapters/api_adapter.go:393.8,395.3 1 1
backend/internal/router/adapters/api_adapter.go:397.2,397.13 1 1
backend/internal/router/adapters/api_adapter.go:401.70,405.14 2 1
backend/internal/router/adapters/api_adapter.go:405.14,407.3 1 1
backend/internal/router/adapters/api_adapter.go:410.2,410.17 1 1
backend/internal/router/adapters/api_adapter.go:410.17,412.3 1 1
backend/internal/router/adapters/api_adapter.go:415.2,415.25 1 1
backend/internal/router/adapters/api_adapter.go:415.25,417.3 1 1
backend/internal/router/adapters/api_adapter.go:419.2,419.15 1 1
backend/internal/router/adapters/api_adapter.go:423.64,427.54 2 1
backend/internal/router/adapters/api_adapter.go:427.54,430.3 2 1
backend/internal/router/adapters/api_adapter.go:433.2,435.23 3 1
backend/internal/router/adapters/api_adapter.go:435.23,438.44 3 1
backend/internal/router/adapters/api_adapter.go:438.44,440.4 1 1
backend/internal/router/adapters/api_adapter.go:443.2,443.10 1 1
backend/internal/router/adapters/api_adapter.go:447.41,448.16 1 1
backend/internal/router/adapters/api_adapter.go:448.16,450.3 1 0
backend/internal/router/adapters/api_adapter.go:452.2,455.47 2 1
backend/internal/router/adapters/api_adapter.go:455.47,463.3 1 1
backend/internal/router/adapters/api_adapter.go:465.2,465.49 1 1
backend/internal/router/adapters/api_adapter.go:465.49,473.3 1 1
backend/internal/router/adapters/api_adapter.go:475.2,475.41 1 1
backend/internal/router/adapters/api_adapter.go:475.41,483.3 1 1
backend/internal/router/adapters/api_adapter.go:485.2,485.12 1 0
backend/internal/router/adapters/rest_adapter.go:35.72,36.23 1 1
backend/internal/router/adapters/rest_adapter.go:36.23,38.3 1 1
backend/internal/router/adapters/rest_adapter.go:39.2,39.27 1 1
backend/internal/router/adapters/rest_adapter.go:39.27,41.3 1 1
backend/internal/router/adapters/rest_adapter.go:43.2,44.18 2 1
backend/internal/router/adapters/rest_adapter.go:44.18,46.3 1 1
backend/internal/router/adapters/rest_adapter.go:48.2,49.15 2 1
backend/internal/router/adapters/rest_adapter.go:49.15,50.20 1 1
backend/internal/router/adapters/rest_adapter.go:50.20,52.4 1 0
backend/internal/router/adapters/rest_adapter.go:52.9,54.4 1 1
backend/internal/router/adapters/rest_adapter.go:57.2,58.19 2 1
backend/internal/router/adapters/rest_adapter.go:58.19,60.3 1 0
backend/internal/router/adapters/rest_adapter.go:62.2,77.19 3 1
backend/internal/router/adapters/rest_adapter.go:77.19,82.3 1 0
backend/internal/router/adapters/rest_adapter.go:84.2,97.8 2 1
backend/internal/router/adapters/rest_adapter.go:101.58,111.16 7 1
backend/internal/router/adapters/rest_adapter.go:111.16,122.3 4 1
backend/internal/router/adapters/rest_adapter.go:124.2,131.42 4 1
backend/internal/router/adapters/rest_adapter.go:131.42,140.3 3 0
backend/internal/router/adapters/rest_adapter.go:142.2,149.12 7 1
backend/internal/router/adapters/rest_adapter.go:153.42,160.2 5 0
backend/internal/router/adapters/rest_adapter.go:163.42,167.2 3 1
backend/internal/router/adapters/rest_adapter.go:170.71,174.2 3 1
backend/internal/router/adapters/rest_adapter.go:177.66,181.2 3 0
backend/internal/router/adapters/rest_adapter.go:184.58,188.25 3 1
backend/internal/router/adapters/rest_adapter.go:188.25,190.3 1 0
backend/internal/router/adapters/rest_adapter.go:191.2,191.26 1 1
backend/internal/router/adapters/rest_adapter.go:195.110,196.22 1 1
backend/internal/router/adapters/rest_adapter.go:196.22,198.3 1 0
backend/internal/router/adapters/rest_adapter.go:200.2,205.20 4 1
backend/internal/router/adapters/rest_adapter.go:206.26,207.41 1 1
backend/internal/router/adapters/rest_adapter.go:208.13,209.39 1 1
backend/internal/router/adapters/rest_adapter.go:210.13,211.39 1 1
backend/internal/router/adapters/rest_adapter.go:212.26,213.42 1 1
backend/internal/router/adapters/rest_adapter.go:214.10,216.49 1 0
backend/internal/router/adapters/rest_adapter.go:219.2,219.19 1 1
backend/internal/router/adapters/rest_adapter.go:219.19,221.3 1 1
backend/internal/router/adapters/rest_adapter.go:224.2,226.16 3 1
backend/internal/router/adapters/rest_adapter.go:226.16,229.3 2 1
backend/internal/router/adapters/rest_adapter.go:229.8,234.3 4 1
backend/internal/router/adapters/rest_adapter.go:235.2,237.20 2 1
backend/internal/router/adapters/rest_adapter.go:241.109,249.16 3 1
backend/internal/router/adapters/rest_adapter.go:249.16,251.3 1 0
backend/internal/router/adapters/rest_adapter.go:253.2,260.56 2 1
backend/internal/router/adapters/rest_adapter.go:260.56,263.3 2 1
backend/internal/router/adapters/rest_adapter.go:265.2,265.25 1 1
backend/internal/router/adapters/rest_adapter.go:269.50,271.2 1 1
backend/internal/router/adapters/rest_adapter.go:274.114,278.17 3 1
backend/internal/router/adapters/rest_adapter.go:278.17,280.17 2 1
backend/internal/router/adapters/rest_adapter.go:280.17,282.4 1 0
backend/internal/router/adapters/rest_adapter.go:283.3,283.38 1 1
backend/internal/router/adapters/rest_adapter.go:286.2,287.16 2 1
backend/internal/router/adapters/rest_adapter.go:287.16,289.3 1 0
backend/internal/router/adapters/rest_adapter.go:291.2,296.16 5 1
backend/internal/router/adapters/rest_adapter.go:296.16,298.3 1 0
backend/internal/router/adapters/rest_adapter.go:299.2,302.16 3 1
backend/internal/router/adapters/rest_adapter.go:302.16,304.3 1 0
backend/internal/router/adapters/rest_adapter.go:306.2,306.39 1 1
backend/internal/router/adapters/rest_adapter.go:310.94,312.16 2 1
backend/internal/router/adapters/rest_adapter.go:312.16,314.3 1 0
backend/internal/router/adapters/rest_adapter.go:316.2,316.19 1 1
backend/internal/router/adapters/rest_adapter.go:316.19,318.3 1 1
backend/internal/router/adapters/rest_adapter.go:320.2,320.19 1 1
backend/internal/router/adapters/rest_adapter.go:320.19,322.3 1 0
backend/internal/router/adapters/rest_adapter.go:324.2,325.54 2 1
backend/internal/router/adapters/rest_adapter.go:325.54,328.58 2 0
backend/internal/router/adapters/rest_adapter.go:328.58,330.4 1 0
backend/internal/router/adapters/rest_adapter.go:331.3,331.23 1 0
backend/internal/router/adapters/rest_adapter.go:331.23,333.4 1 0
backend/internal/router/adapters/rest_adapter.go:336.2,336.20 1 1
backend/internal/router/adapters/rest_adapter.go:340.91,343.47 2 1
backend/internal/router/adapters/rest_adapter.go:343.47,345.3 1 1
backend/internal/router/adapters/rest_adapter.go:347.2,347.50 1 1
backend/internal/router/adapters/rest_adapter.go:347.50,350.3 2 1
backend/internal/router/adapters/rest_adapter.go:352.2,352.48 1 1
backend/internal/router/adapters/rest_adapter.go:352.48,353.23 1 0
backend/internal/router/adapters/rest_adapter.go:353.23,355.4 1 0
backend/internal/router/adapters/rest_adapter.go:358.2,358.57 1 1
backend/internal/router/adapters/rest_adapter.go:358.57,360.3 1 1
backend/internal/router/adapters/rest_adapter.go:362.2,362.46 1 1
backend/internal/router/adapters/rest_adapter.go:362.46,364.3 1 1
backend/internal/router/adapters/rest_adapter.go:367.2,368.33 2 1
backend/internal/router/adapters/rest_adapter.go:368.33,370.53 2 1
backend/internal/router/adapters/rest_adapter.go:370.53,371.49 1 1
backend/internal/router/adapters/rest_adapter.go:371.49,373.5 1 1
backend/internal/router/adapters/rest_adapter.go:374.9,376.79 2 0
backend/internal/router/adapters/rest_adapter.go:376.79,377.55 1 0
backend/internal/router/adapters/rest_adapter.go:377.55,379.6 1 0
backend/internal/router/adapters/rest_adapter.go:384.2,384.13 1 1
backend/internal/router/adapters/rest_adapter.go:388.72,396.25 2 1
backend/internal/router/adapters/rest_adapter.go:396.25,398.38 1 1
backend/internal/router/adapters/rest_adapter.go:398.38,401.4 2 1
backend/internal/router/adapters/rest_adapter.go:404.3,406.75 2 1
backend/internal/router/adapters/rest_adapter.go:406.75,408.4 1 0
backend/internal/router/adapters/rest_adapter.go:411.2,411.13 1 1
backend/internal/router/adapters/rest_adapter.go:415.108,418.18 2 1
backend/internal/router/adapters/rest_adapter.go:418.18,420.3 1 0
backend/internal/router/adapters/rest_adapter.go:422.2,423.16 2 1
backend/internal/router/adapters/rest_adapter.go:423.16,425.3 1 0
backend/internal/router/adapters/rest_adapter.go:427.2,427.38 1 1
backend/internal/router/adapters/rest_adapter.go:431.106,435.16 3 1
backend/internal/router/adapters/rest_adapter.go:435.16,437.3 1 0
backend/internal/router/adapters/rest_adapter.go:439.2,440.16 2 1
backend/internal/router/adapters/rest_adapter.go:440.16,442.3 1 0
backend/internal/router/adapters/rest_adapter.go:445.2,445.26 1 1
backend/internal/router/adapters/rest_adapter.go:445.26,446.42 1 1
backend/internal/router/adapters/rest_adapter.go:446.42,448.4 1 1
backend/internal/router/adapters/rest_adapter.go:451.2,451.20 1 1
backend/internal/router/adapters/rest_adapter.go:455.106,456.18 1 1
backend/internal/router/adapters/rest_adapter.go:456.18,458.3 1 1
backend/internal/router/adapters/rest_adapter.go:460.2,463.16 3 1
backend/internal/router/adapters/rest_adapter.go:463.16,465.3 1 0
backend/internal/router/adapters/rest_adapter.go:467.2,467.38 1 1
backend/internal/router/adapters/rest_adapter.go:471.109,472.18 1 1
backend/internal/router/adapters/rest_adapter.go:472.18,474.3 1 0
backend/internal/router/adapters/rest_adapter.go:476.2,479.16 3 1
backend/internal/router/adapters/rest_adapter.go:479.16,481.3 1 0
backend/internal/router/adapters/rest_adapter.go:483.2,483.38 1 1
backend/internal/router/adapters/rest_adapter.go:487.116,490.22 2 0
backend/internal/router/adapters/rest_adapter.go:490.22,492.3 1 0
backend/internal/router/adapters/rest_adapter.go:494.2,495.16 2 0
backend/internal/router/adapters/rest_adapter.go:495.16,497.3 1 0
backend/internal/router/adapters/rest_adapter.go:499.2,499.38 1 0
backend/internal/router/adapters/rest_adapter.go:503.93,509.19 2 1
backend/internal/router/adapters/rest_adapter.go:509.19,512.3 2 0
backend/internal/router/adapters/rest_adapter.go:514.2,514.19 1 1
backend/internal/router/adapters/rest_adapter.go:514.19,517.3 2 0
backend/internal/router/adapters/rest_adapter.go:519.2,519.19 1 1
backend/internal/router/adapters/rest_adapter.go:519.19,522.44 2 0
backend/internal/router/adapters/rest_adapter.go:522.44,523.50 1 0
backend/internal/router/adapters/rest_adapter.go:523.50,526.5 2 0
backend/internal/router/adapters/rest_adapter.go:527.4,527.52 1 0
backend/internal/router/adapters/rest_adapter.go:527.52,530.5 2 0
backend/internal/router/adapters/rest_adapter.go:532.3,533.21 2 0
backend/internal/router/adapters/rest_adapter.go:537.2,537.19 1 1
backend/internal/router/adapters/rest_adapter.go:537.19,540.54 2 1
backend/internal/router/adapters/rest_adapter.go:540.54,542.4 1 1
backend/internal/router/adapters/rest_adapter.go:542.9,545.54 2 1
backend/internal/router/adapters/rest_adapter.go:545.54,547.5 1 1
backend/internal/router/adapters/rest_adapter.go:551.2,551.20 1 1
backend/internal/router/adapters/rest_adapter.go:557.40,559.35 1 1
backend/internal/router/adapters/rest_adapter.go:559.35,561.3 1 1
backend/internal/router/adapters/rest_adapter.go:564.2,564.38 1 1
backend/internal/router/adapters/rest_adapter.go:564.38,566.3 1 1
backend/internal/router/adapters/rest_adapter.go:568.2,568.13 1 1
backend/internal/router/adapters/rest_adapter.go:572.69,576.54 2 1
backend/internal/router/adapters/rest_adapter.go:576.54,579.3 2 1
backend/internal/router/adapters/rest_adapter.go:582.2,584.23 3 1
backend/internal/router/adapters/rest_adapter.go:584.23,587.44 3 1
backend/internal/router/adapters/rest_adapter.go:587.44,589.4 1 1
backend/internal/router/adapters/rest_adapter.go:592.2,592.10 1 1
backend/internal/router/adapters/rest_adapter.go:596.47,603.32 4 1
backend/internal/router/adapters/rest_adapter.go:603.32,605.19 2 1
backend/internal/router/adapters/rest_adapter.go:606.12,607.52 1 1
backend/internal/router/adapters/rest_adapter.go:608.12,609.48 1 1
backend/internal/router/adapters/rest_adapter.go:610.12,611.43 1 1
backend/internal/router/adapters/rest_adapter.go:612.12,613.45 1 1
backend/internal/router/adapters/rest_adapter.go:614.12,615.45 1 1
backend/internal/router/adapters/rest_adapter.go:619.2,619.14 1 1
backend/internal/router/adapters/rest_adapter.go:623.78,625.29 2 1
backend/internal/router/adapters/rest_adapter.go:625.29,627.26 2 1
backend/internal/router/adapters/rest_adapter.go:627.26,628.27 1 1
backend/internal/router/adapters/rest_adapter.go:629.16,630.23 1 1
backend/internal/router/adapters/rest_adapter.go:631.14,632.43 1 0
backend/internal/router/adapters/rest_adapter.go:633.17,634.33 1 0
backend/internal/router/adapters/rest_adapter.go:634.33,636.6 1 0
backend/internal/router/adapters/rest_adapter.go:636.11,638.6 1 0
backend/internal/router/adapters/rest_adapter.go:639.13,640.22 1 0
backend/internal/router/adapters/rest_adapter.go:641.12,642.42 1 0
backend/internal/router/adapters/rest_adapter.go:646.2,646.15 1 1
backend/internal/router/adapters/ssh_adapter.go:30.70,31.23 1 1
backend/internal/router/adapters/ssh_adapter.go:31.23,33.3 1 1
backend/internal/router/adapters/ssh_adapter.go:34.2,34.27 1 1
backend/internal/router/adapters/ssh_adapter.go:34.27,36.3 1 1
backend/internal/router/adapters/ssh_adapter.go:38.2,39.18 2 1
backend/internal/router/adapters/ssh_adapter.go:39.18,41.3 1 1
backend/internal/router/adapters/ssh_adapter.go:44.2,46.27 2 1
backend/internal/router/adapters/ssh_adapter.go:46.27,50.87 2 1
backend/internal/router/adapters/ssh_adapter.go:50.87,52.30 2 0
backend/internal/router/adapters/ssh_adapter.go:52.30,54.6 1 0
backend/internal/router/adapters/ssh_adapter.go:55.5,55.24 1 0
backend/internal/router/adapters/ssh_adapter.go:59.2,59.27 1 1
backend/internal/router/adapters/ssh_adapter.go:59.27,61.3 1 1
backend/internal/router/adapters/ssh_adapter.go:63.2,77.8 2 1
backend/internal/router/adapters/ssh_adapter.go:81.57,89.15 6 0
backend/internal/router/adapters/ssh_adapter.go:89.15,91.3 1 0
backend/internal/router/adapters/ssh_adapter.go:93.2,98.16 4 0
backend/internal/router/adapters/ssh_adapter.go:98.16,109.3 4 0
backend/internal/router/adapters/ssh_adapter.go:111.2,115.16 3 0
backend/internal/router/adapters/ssh_adapter.go:115.16,118.3 1 0
backend/internal/router/adapters/ssh_adapter.go:118.8,120.3 1 0
backend/internal/router/adapters/ssh_adapter.go:122.2,130.12 7 0
backend/internal/router/adapters/ssh_adapter.go:134.41,138.21 3 0
backend/internal/router/adapters/ssh_adapter.go:138.21,141.3 2 0
backend/internal/router/adapters/ssh_adapter.go:143.2,144.12 2 0
backend/internal/router/adapters/ssh_adapter.go:148.41,152.2 3 1
backend/internal/router/adapters/ssh_adapter.go:155.70,159.2 3 1
backend/internal/router/adapters/ssh_adapter.go:162.65,166.2 3 0
backend/internal/router/adapters/ssh_adapter.go:169.57,173.25 3 1
backend/internal/router/adapters/ssh_adapter.go:173.25,175.3 1 1
backend/internal/router/adapters/ssh_adapter.go:176.2,176.26 1 0
backend/internal/router/adapters/ssh_adapter.go:180.109,184.21 3 0
backend/internal/router/adapters/ssh_adapter.go:184.21,186.3 1 0
backend/internal/router/adapters/ssh_adapter.go:188.2,200.16 6 0
backend/internal/router/adapters/ssh_adapter.go:200.16,210.3 3 0
backend/internal/router/adapters/ssh_adapter.go:212.2,224.47 6 0
backend/internal/router/adapters/ssh_adapter.go:224.47,226.3 1 0
backend/internal/router/adapters/ssh_adapter.go:229.2,229.25 1 0
backend/internal/router/adapters/ssh_adapter.go:229.25,231.3 1 0
backend/internal/router/adapters/ssh_adapter.go:233.2,233.20 1 0
backend/internal/router/adapters/ssh_adapter.go:237.108,245.16 3 0
backend/internal/router/adapters/ssh_adapter.go:245.16,247.3 1 0
backend/internal/router/adapters/ssh_adapter.go:249.2,256.56 2 0
backend/internal/router/adapters/ssh_adapter.go:256.56,259.3 2 0
backend/internal/router/adapters/ssh_adapter.go:261.2,261.25 1 0
backend/internal/router/adapters/ssh_adapter.go:265.49,267.2 1 1
backend/internal/router/adapters/ssh_adapter.go:270.86,272.16 2 0
backend/internal/router/adapters/ssh_adapter.go:272.16,274.3 1 0
backend/internal/router/adapters/ssh_adapter.go:275.2,283.12 6 0
backend/internal/router/adapters/ssh_adapter.go:283.12,285.3 1 0
backend/internal/router/adapters/ssh_adapter.go:287.2,287.9 1 0
backend/internal/router/adapters/ssh_adapter.go:288.20,290.23 2 0
backend/internal/router/adapters/ssh_adapter.go:291.21,295.17 3 0
backend/internal/router/adapters/ssh_adapter.go:295.17,296.23 1 0
backend/internal/router/adapters/ssh_adapter.go:296.23,298.5 1 0
backend/internal/router/adapters/ssh_adapter.go:300.4,300.20 1 0
backend/internal/router/adapters/ssh_adapter.go:300.20,302.5 1 0
backend/internal/router/adapters/ssh_adapter.go:303.4,303.52 1 0
backend/internal/router/adapters/ssh_adapter.go:306.3,306.21 1 0
backend/internal/router/adapters/ssh_adapter.go:311.85,314.16 2 0
backend/internal/router/adapters/ssh_adapter.go:314.16,316.3 1 0
backend/internal/router/adapters/ssh_adapter.go:318.2,322.29 3 0
backend/internal/router/adapters/ssh_adapter.go:322.29,324.47 2 0
backend/internal/router/adapters/ssh_adapter.go:324.47,328.15 3 0
backend/internal/router/adapters/ssh_adapter.go:329.19,330.42 1 0
backend/internal/router/adapters/ssh_adapter.go:331.22,333.25 2 0
backend/internal/router/adapters/ssh_adapter.go:333.25,335.6 1 0
backend/internal/router/adapters/ssh_adapter.go:336.20,337.25 1 0
backend/internal/router/adapters/ssh_adapter.go:337.25,339.6 1 0
backend/internal/router/adapters/ssh_adapter.go:340.29,341.30 1 0
backend/internal/router/adapters/ssh_adapter.go:342.18,343.37 1 0
backend/internal/router/adapters/ssh_adapter.go:349.2,350.16 2 0
backend/internal/router/adapters/ssh_adapter.go:350.16,351.60 1 0
backend/internal/router/adapters/ssh_adapter.go:351.60,353.40 2 0
backend/internal/router/adapters/ssh_adapter.go:353.40,355.10 2 0
backend/internal/router/adapters/ssh_adapter.go:360.2,360.18 1 0
backend/internal/router/adapters/ssh_adapter.go:364.71,372.25 2 0
backend/internal/router/adapters/ssh_adapter.go:372.25,377.38 2 0
backend/internal/router/adapters/ssh_adapter.go:377.38,380.4 2 0
backend/internal/router/adapters/ssh_adapter.go:383.3,385.75 2 0
backend/internal/router/adapters/ssh_adapter.go:385.75,387.4 1 0
backend/internal/router/adapters/ssh_adapter.go:390.2,390.13 1 0
backend/internal/router/adapters/ssh_adapter.go:396.49,398.35 2 1
backend/internal/router/adapters/ssh_adapter.go:398.35,400.3 1 1
backend/internal/router/adapters/ssh_adapter.go:402.2,407.18 4 1
backend/internal/router/adapters/ssh_adapter.go:407.18,409.3 1 1
backend/internal/router/adapters/ssh_adapter.go:410.2,414.18 3 1
backend/internal/router/adapters/ssh_adapter.go:414.18,417.3 2 1
backend/internal/router/adapters/ssh_adapter.go:420.2,420.29 1 1
backend/internal/router/adapters/ssh_adapter.go:420.29,425.31 4 1
backend/internal/router/adapters/ssh_adapter.go:425.31,429.4 3 1
backend/internal/router/adapters/ssh_adapter.go:429.9,431.4 1 1
backend/internal/router/adapters/ssh_adapter.go:434.2,434.20 1 1
backend/internal/router/adapters/ssh_adapter.go:438.56,444.117 3 1
backend/internal/router/adapters/ssh_adapter.go:444.117,447.3 1 0
backend/internal/router/adapters/ssh_adapter.go:447.8,450.30 2 1
backend/internal/router/adapters/ssh_adapter.go:450.30,452.18 2 1
backend/internal/router/adapters/ssh_adapter.go:452.18,453.25 1 1
backend/internal/router/adapters/ssh_adapter.go:453.25,456.6 2 1
backend/internal/router/adapters/ssh_adapter.go:457.5,457.13 1 1
backend/internal/router/adapters/ssh_adapter.go:460.4,460.48 1 1
backend/internal/router/adapters/ssh_adapter.go:460.48,464.5 3 1
backend/internal/router/adapters/ssh_adapter.go:467.3,467.23 1 1
backend/internal/router/adapters/ssh_adapter.go:467.23,469.4 1 0
backend/internal/router/adapters/ssh_adapter.go:472.2,472.16 1 1
backend/internal/router/adapters/ssh_adapter.go:476.59,482.29 4 0
backend/internal/router/adapters/ssh_adapter.go:482.29,484.105 2 0
backend/internal/router/adapters/ssh_adapter.go:484.105,486.9 2 0
backend/internal/router/adapters/ssh_adapter.go:489.3,489.40 1 0
backend/internal/router/adapters/ssh_adapter.go:489.40,490.12 1 0
backend/internal/router/adapters/ssh_adapter.go:494.2,494.22 1 0
backend/internal/router/adapters/ssh_adapter.go:494.22,497.3 1 0
backend/internal/router/adapters/ssh_adapter.go:500.2,504.47 3 0
backend/internal/router/adapters/ssh_adapter.go:504.47,506.36 2 0
backend/internal/router/adapters/ssh_adapter.go:506.36,507.12 1 0
backend/internal/router/adapters/ssh_adapter.go:510.3,513.76 2 0
backend/internal/router/adapters/ssh_adapter.go:513.76,515.57 1 0
backend/internal/router/adapters/ssh_adapter.go:515.57,517.5 1 0
backend/internal/router/adapters/ssh_adapter.go:520.3,520.31 1 0
backend/internal/router/adapters/ssh_adapter.go:520.31,521.29 1 0
backend/internal/router/adapters/ssh_adapter.go:521.29,523.24 2 0
backend/internal/router/adapters/ssh_adapter.go:523.24,525.6 1 0
backend/internal/router/adapters/ssh_adapter.go:526.5,527.20 2 0
backend/internal/router/adapters/ssh_adapter.go:527.20,529.6 1 0
backend/internal/router/adapters/ssh_adapter.go:533.3,533.19 1 0
backend/internal/router/adapters/ssh_adapter.go:533.19,535.4 1 0
backend/internal/router/adapters/ssh_adapter.go:538.2,538.16 1 0
backend/internal/router/adapters/ssh_adapter.go:548.44,555.32 4 0
backend/internal/router/adapters/ssh_adapter.go:555.32,557.32 2 0
backend/internal/router/adapters/ssh_adapter.go:557.32,558.12 1 0
backend/internal/router/adapters/ssh_adapter.go:561.3,562.25 2 0
backend/internal/router/adapters/ssh_adapter.go:562.25,564.4 1 0
backend/internal/router/adapters/ssh_adapter.go:566.3,570.5 1 0
backend/internal/router/adapters/ssh_adapter.go:573.2,573.13 1 0
backend/internal/router/adapters/ssh_adapter.go:577.64,581.54 2 1
backend/internal/router/adapters/ssh_adapter.go:581.54,584.3 2 1
backend/internal/router/adapters/ssh_adapter.go:587.2,589.23 3 1
backend/internal/router/adapters/ssh_adapter.go:589.23,592.44 3 1
backend/internal/router/adapters/ssh_adapter.go:592.44,594.4 1 1
backend/internal/router/adapters/ssh_adapter.go:597.2,597.10 1 1
backend/internal/router/adapters/ssh_adapter.go:601.43,605.22 3 1
backend/internal/router/adapters/ssh_adapter.go:605.22,606.37 1 1
backend/internal/router/adapters/ssh_adapter.go:606.37,607.24 1 1
backend/internal/router/adapters/ssh_adapter.go:607.24,609.5 1 1
backend/internal/router/adapters/ssh_adapter.go:612.2,612.11 1 1
backend/internal/router/adapters/telnet_adapter.go:60.76,61.23 1 1
backend/internal/router/adapters/telnet_adapter.go:61.23,63.3 1 1
backend/internal/router/adapters/telnet_adapter.go:64.2,64.27 1 1
backend/internal/router/adapters/telnet_adapter.go:64.27,66.3 1 1
backend/internal/router/adapters/telnet_adapter.go:67.2,67.27 1 1
backend/internal/router/adapters/telnet_adapter.go:67.27,69.3 1 1
backend/internal/router/adapters/telnet_adapter.go:71.2,77.8 1 1
backend/internal/router/adapters/telnet_adapter.go:82.60,90.15 6 0
backend/internal/router/adapters/telnet_adapter.go:90.15,92.3 1 0
backend/internal/router/adapters/telnet_adapter.go:94.2,97.26 3 0
backend/internal/router/adapters/telnet_adapter.go:97.26,99.3 1 0
backend/internal/router/adapters/telnet_adapter.go:101.2,105.16 3 0
backend/internal/router/adapters/telnet_adapter.go:105.16,116.3 4 0
backend/internal/router/adapters/telnet_adapter.go:118.2,122.37 3 0
backend/internal/router/adapters/telnet_adapter.go:122.37,136.3 7 0
backend/internal/router/adapters/telnet_adapter.go:139.2,140.16 2 0
backend/internal/router/adapters/telnet_adapter.go:140.16,142.3 1 0
backend/internal/router/adapters/telnet_adapter.go:142.8,144.3 1 0
backend/internal/router/adapters/telnet_adapter.go:146.2,154.12 7 0
backend/internal/router/adapters/telnet_adapter.go:158.44,162.19 3 1
backend/internal/router/adapters/telnet_adapter.go:162.19,169.3 5 0
backend/internal/router/adapters/telnet_adapter.go:171.2,172.12 2 1
backend/internal/router/adapters/telnet_adapter.go:176.44,180.2 3 1
backend/internal/router/adapters/telnet_adapter.go:183.73,187.2 3 1
backend/internal/router/adapters/telnet_adapter.go:191.68,195.2 3 1
backend/internal/router/adapters/telnet_adapter.go:198.60,202.25 3 1
backend/internal/router/adapters/telnet_adapter.go:202.25,204.3 1 1
backend/internal/router/adapters/telnet_adapter.go:205.2,205.26 1 0
backend/internal/router/adapters/telnet_adapter.go:209.112,213.19 3 1
backend/internal/router/adapters/telnet_adapter.go:213.19,215.3 1 1
backend/internal/router/adapters/telnet_adapter.go:217.2,229.16 6 0
backend/internal/router/adapters/telnet_adapter.go:229.16,239.3 3 0
backend/internal/router/adapters/telnet_adapter.go:241.2,253.47 6 0
backend/internal/router/adapters/telnet_adapter.go:253.47,255.3 1 0
backend/internal/router/adapters/telnet_adapter.go:258.2,258.25 1 0
backend/internal/router/adapters/telnet_adapter.go:258.25,260.3 1 0
backend/internal/router/adapters/telnet_adapter.go:262.2,262.20 1 0
backend/internal/router/adapters/telnet_adapter.go:266.111,274.16 3 1
backend/internal/router/adapters/telnet_adapter.go:274.16,276.3 1 1
backend/internal/router/adapters/telnet_adapter.go:278.2,285.56 2 0
backend/internal/router/adapters/telnet_adapter.go:285.56,288.3 2 0
backend/internal/router/adapters/telnet_adapter.go:290.2,290.25 1 0
backend/internal/router/adapters/telnet_adapter.go:294.52,296.2 1 1
backend/internal/router/adapters/telnet_adapter.go:299.58,304.43 3 0
backend/internal/router/adapters/telnet_adapter.go:304.43,306.3 1 0
backend/internal/router/adapters/telnet_adapter.go:309.2,309.76 1 0
backend/internal/router/adapters/telnet_adapter.go:309.76,311.3 1 0
backend/internal/router/adapters/telnet_adapter.go:314.2,314.49 1 0
backend/internal/router/adapters/telnet_adapter.go:314.49,316.3 1 0
backend/internal/router/adapters/telnet_adapter.go:319.2,319.76 1 0
backend/internal/router/adapters/telnet_adapter.go:319.76,321.3 1 0
backend/internal/router/adapters/telnet_adapter.go:324.2,324.44 1 0
backend/internal/router/adapters/telnet_adapter.go:324.44,326.3 1 0
backend/internal/router/adapters/telnet_adapter.go:328.2,328.12 1 0
backend/internal/router/adapters/telnet_adapter.go:332.48,334.6 2 0
backend/internal/router/adapters/telnet_adapter.go:334.6,336.17 2 0
backend/internal/router/adapters/telnet_adapter.go:336.17,338.4 1 0
backend/internal/router/adapters/telnet_adapter.go:341.3,341.21 1 0
backend/internal/router/adapters/telnet_adapter.go:341.21,342.50 1 0
backend/internal/router/adapters/telnet_adapter.go:342.50,344.5 1 0
backend/internal/router/adapters/telnet_adapter.go:345.4,345.12 1 0
backend/internal/router/adapters/telnet_adapter.go:348.3,353.73 3 0
backend/internal/router/adapters/telnet_adapter.go:353.73,355.4 1 0
backend/internal/router/adapters/telnet_adapter.go:360.53,362.16 2 0
backend/internal/router/adapters/telnet_adapter.go:362.16,364.3 1 0
backend/internal/router/adapters/telnet_adapter.go:366.2,366.13 1 0
backend/internal/router/adapters/telnet_adapter.go:367.28,370.17 2 0
backend/internal/router/adapters/telnet_adapter.go:370.17,372.4 1 0
backend/internal/router/adapters/telnet_adapter.go:374.3,374.51 1 0
backend/internal/router/adapters/telnet_adapter.go:376.30,379.17 2 0
backend/internal/router/adapters/telnet_adapter.go:379.17,381.4 1 0
backend/internal/router/adapters/telnet_adapter.go:383.3,383.51 1 0
backend/internal/router/adapters/telnet_adapter.go:385.16,387.7 1 0
backend/internal/router/adapters/telnet_adapter.go:387.7,389.18 2 0
backend/internal/router/adapters/telnet_adapter.go:389.18,391.5 1 0
backend/internal/router/adapters/telnet_adapter.go:392.4,392.22 1 0
backend/internal/router/adapters/telnet_adapter.go:392.22,394.19 2 0
backend/internal/router/adapters/telnet_adapter.go:394.19,396.6 1 0
backend/internal/router/adapters/telnet_adapter.go:397.5,397.25 1 0
backend/internal/router/adapters/telnet_adapter.go:397.25,398.11 1 0
backend/internal/router/adapters/telnet_adapter.go:404.2,404.12 1 0
backend/internal/router/adapters/telnet_adapter.go:408.56,410.6 2 0
backend/internal/router/adapters/telnet_adapter.go:410.6,412.17 2 0
backend/internal/router/adapters/telnet_adapter.go:412.17,414.4 1 0
backend/internal/router/adapters/telnet_adapter.go:417.3,417.21 1 0
backend/internal/router/adapters/telnet_adapter.go:417.21,418.50 1 0
backend/internal/router/adapters/telnet_adapter.go:418.50,420.5 1 0
backend/internal/router/adapters/telnet_adapter.go:421.4,421.12 1 0
backend/internal/router/adapters/telnet_adapter.go:424.3,425.48 2 0
backend/internal/router/adapters/telnet_adapter.go:425.48,427.4 1 0
backend/internal/router/adapters/telnet_adapter.go:432.49,434.6 2 0
backend/internal/router/adapters/telnet_adapter.go:434.6,436.17 2 0
backend/internal/router/adapters/telnet_adapter.go:436.17,438.4 1 0
backend/internal/router/adapters/telnet_adapter.go:441.3,441.21 1 0
backend/internal/router/adapters/telnet_adapter.go:441.21,442.50 1 0
backend/internal/router/adapters/telnet_adapter.go:442.50,444.5 1 0
backend/internal/router/adapters/telnet_adapter.go:445.4,445.12 1 0
backend/internal/router/adapters/telnet_adapter.go:448.3,453.73 4 0
backend/internal/router/adapters/telnet_adapter.go:453.73,455.4 1 0
backend/internal/router/adapters/telnet_adapter.go:460.89,462.40 1 0
backend/internal/router/adapters/telnet_adapter.go:462.40,464.3 1 0
backend/internal/router/adapters/telnet_adapter.go:464.8,466.3 1 0
backend/internal/router/adapters/telnet_adapter.go:467.2,470.66 2 0
backend/internal/router/adapters/telnet_adapter.go:470.66,472.3 1 0
backend/internal/router/adapters/telnet_adapter.go:475.2,476.16 2 0
backend/internal/router/adapters/telnet_adapter.go:476.16,478.3 1 0
backend/internal/router/adapters/telnet_adapter.go:480.2,480.20 1 0
backend/internal/router/adapters/telnet_adapter.go:484.100,489.6 4 0
backend/internal/router/adapters/telnet_adapter.go:489.6,490.10 1 0
backend/internal/router/adapters/telnet_adapter.go:491.21,492.37 1 0
backend/internal/router/adapters/telnet_adapter.go:493.11,493.11 0 0
backend/internal/router/adapters/telnet_adapter.go:496.3,497.17 2 0
backend/internal/router/adapters/telnet_adapter.go:497.17,499.4 1 0
backend/internal/router/adapters/telnet_adapter.go:502.3,502.21 1 0
backend/internal/router/adapters/telnet_adapter.go:502.21,503.50 1 0
backend/internal/router/adapters/telnet_adapter.go:503.50,505.5 1 0
backend/internal/router/adapters/telnet_adapter.go:506.4,506.12 1 0
backend/internal/router/adapters/telnet_adapter.go:510.3,510.16 1 0
backend/internal/router/adapters/telnet_adapter.go:510.16,515.59 3 0
backend/internal/router/adapters/telnet_adapter.go:515.59,517.13 2 0
backend/internal/router/adapters/telnet_adapter.go:521.4,522.31 2 0
backend/internal/router/adapters/telnet_adapter.go:522.31,524.10 1 0
backend/internal/router/adapters/telnet_adapter.go:528.4,528.19 1 0
backend/internal/router/adapters/telnet_adapter.go:528.19,531.5 2 0
backend/internal/router/adapters/telnet_adapter.go:532.9,532.23 1 0
backend/internal/router/adapters/telnet_adapter.go:532.23,534.4 1 0
backend/internal/router/adapters/telnet_adapter.go:537.2,537.48 1 0
backend/internal/router/adapters/telnet_adapter.go:541.39,542.16 1 1
backend/internal/router/adapters/telnet_adapter.go:542.16,544.3 1 1
backend/internal/router/adapters/telnet_adapter.go:548.2,548.71 1 1
backend/internal/router/adapters/telnet_adapter.go:552.88,555.16 2 0
backend/internal/router/adapters/telnet_adapter.go:555.16,557.3 1 0
backend/internal/router/adapters/telnet_adapter.go:559.2,563.29 3 0
backend/internal/router/adapters/telnet_adapter.go:563.29,565.47 2 0
backend/internal/router/adapters/telnet_adapter.go:565.47,569.15 3 0
backend/internal/router/adapters/telnet_adapter.go:570.19,571.45 1 0
backend/internal/router/adapters/telnet_adapter.go:572.22,574.25 2 0
backend/internal/router/adapters/telnet_adapter.go:574.25,576.6 1 0
backend/internal/router/adapters/telnet_adapter.go:577.20,578.25 1 0
backend/internal/router/adapters/telnet_adapter.go:578.25,580.6 1 0
backend/internal/router/adapters/telnet_adapter.go:581.29,582.30 1 0
backend/internal/router/adapters/telnet_adapter.go:583.18,584.37 1 0
backend/internal/router/adapters/telnet_adapter.go:590.2,591.16 2 0
backend/internal/router/adapters/telnet_adapter.go:591.16,592.60 1 0
backend/internal/router/adapters/telnet_adapter.go:592.60,594.40 2 0
backend/internal/router/adapters/telnet_adapter.go:594.40,596.10 2 0
backend/internal/router/adapters/telnet_adapter.go:601.2,601.18 1 0
backend/internal/router/adapters/telnet_adapter.go:606.74,616.25 2 0
backend/internal/router/adapters/telnet_adapter.go:616.25,618.38 1 0
backend/internal/router/adapters/telnet_adapter.go:618.38,622.4 2 0
backend/internal/router/adapters/telnet_adapter.go:625.3,627.75 2 0
backend/internal/router/adapters/telnet_adapter.go:627.75,629.4 1 0
backend/internal/router/adapters/telnet_adapter.go:632.2,632.13 1 0
backend/internal/router/adapters/telnet_adapter.go:637.52,639.35 2 1
backend/internal/router/adapters/telnet_adapter.go:639.35,641.3 1 1
backend/internal/router/adapters/telnet_adapter.go:643.2,648.18 4 1
backend/internal/router/adapters/telnet_adapter.go:648.18,650.3 1 1
backend/internal/router/adapters/telnet_adapter.go:651.2,655.18 3 1
backend/internal/router/adapters/telnet_adapter.go:655.18,658.3 2 1
backend/internal/router/adapters/telnet_adapter.go:661.2,661.29 1 1
backend/internal/router/adapters/telnet_adapter.go:661.29,666.31 4 1
backend/internal/router/adapters/telnet_adapter.go:666.31,670.4 3 1
backend/internal/router/adapters/telnet_adapter.go:670.9,672.4 1 1
backend/internal/router/adapters/telnet_adapter.go:675.2,675.20 1 1
backend/internal/router/adapters/telnet_adapter.go:680.67,684.54 2 1
backend/internal/router/adapters/telnet_adapter.go:684.54,687.3 2 1
backend/internal/router/adapters/telnet_adapter.go:690.2,692.23 3 1
backend/internal/router/adapters/telnet_adapter.go:692.23,695.44 3 1
backend/internal/router/adapters/telnet_adapter.go:695.44,697.4 1 1
backend/internal/router/adapters/telnet_adapter.go:700.2,700.10 1 1
backend/internal/router/adapters/telnet_adapter.go:705.50,708.2 1 1
backend/internal/router/adapters/telnet_adapter.go:711.56,714.2 1 1
backend/internal/router/adapters/telnet_adapter.go:717.49,719.2 1 1
