mode: set
backend/internal/config_gen/adguard.go:58.46,164.2 3 0
backend/internal/config_gen/adguard.go:167.118,172.51 2 0
backend/internal/config_gen/adguard.go:172.51,174.3 1 0
backend/internal/config_gen/adguard.go:177.2,189.31 6 0
backend/internal/config_gen/adguard.go:198.67,201.50 2 0
backend/internal/config_gen/adguard.go:201.50,203.3 1 0
backend/internal/config_gen/adguard.go:206.2,206.43 1 0
backend/internal/config_gen/adguard.go:206.43,208.3 1 0
backend/internal/config_gen/adguard.go:210.2,210.19 1 0
backend/internal/config_gen/adguard.go:214.89,216.57 1 0
backend/internal/config_gen/adguard.go:216.57,218.3 1 0
backend/internal/config_gen/adguard.go:221.2,222.66 2 0
backend/internal/config_gen/adguard.go:222.66,224.3 1 0
backend/internal/config_gen/adguard.go:227.2,228.74 2 0
backend/internal/config_gen/adguard.go:228.74,230.3 1 0
backend/internal/config_gen/adguard.go:232.2,232.12 1 0
backend/internal/config_gen/adguard.go:236.55,238.2 1 0
backend/internal/config_gen/adguard.go:241.53,243.2 1 0
backend/internal/config_gen/adguard.go:246.45,247.13 1 0
backend/internal/config_gen/adguard.go:247.13,249.3 1 0
backend/internal/config_gen/adguard.go:251.2,255.29 4 0
backend/internal/config_gen/adguard.go:255.29,256.18 1 0
backend/internal/config_gen/adguard.go:256.18,257.24 1 0
backend/internal/config_gen/adguard.go:257.24,260.5 2 0
backend/internal/config_gen/adguard.go:261.9,261.25 1 0
backend/internal/config_gen/adguard.go:261.25,263.4 1 0
backend/internal/config_gen/adguard.go:266.2,266.22 1 0
backend/internal/config_gen/adguard.go:266.22,268.3 1 0
backend/internal/config_gen/adguard.go:270.2,270.15 1 0
backend/internal/config_gen/generator.go:47.105,53.2 1 0
backend/internal/config_gen/generator.go:56.49,58.2 1 0
backend/internal/config_gen/generator.go:61.51,63.2 1 0
backend/internal/config_gen/generator.go:66.92,68.56 1 0
backend/internal/config_gen/generator.go:68.56,70.3 1 0
backend/internal/config_gen/generator.go:73.2,73.47 1 0
backend/internal/config_gen/generator.go:73.47,75.3 1 0
backend/internal/config_gen/generator.go:77.2,77.12 1 0
backend/internal/config_gen/generator.go:81.74,82.23 1 0
backend/internal/config_gen/generator.go:82.23,84.3 1 0
backend/internal/config_gen/generator.go:86.2,87.55 2 0
backend/internal/config_gen/generator.go:87.55,89.3 1 0
backend/internal/config_gen/generator.go:91.2,91.25 1 0
backend/internal/config_gen/generator.go:95.83,97.16 2 0
backend/internal/config_gen/generator.go:97.16,99.3 1 0
backend/internal/config_gen/generator.go:100.2,100.18 1 0
backend/internal/config_gen/generator.go:111.94,117.2 1 0
backend/internal/config_gen/generator.go:120.52,122.2 1 0
backend/internal/config_gen/generator.go:125.53,126.43 1 0
backend/internal/config_gen/generator.go:126.43,128.3 1 0
backend/internal/config_gen/generator.go:129.2,129.11 1 0
backend/internal/config_gen/generator.go:133.47,134.35 1 0
backend/internal/config_gen/generator.go:135.11,136.11 1 0
backend/internal/config_gen/generator.go:137.15,138.16 1 0
backend/internal/config_gen/generator.go:139.10,140.11 1 0
backend/internal/config_gen/generator.go:145.49,146.41 1 0
backend/internal/config_gen/generator.go:146.41,148.3 1 0
backend/internal/config_gen/generator.go:149.2,149.14 1 0
backend/internal/config_gen/generator.go:153.60,154.50 1 0
backend/internal/config_gen/generator.go:154.50,156.25 2 0
backend/internal/config_gen/generator.go:156.25,157.33 1 0
backend/internal/config_gen/generator.go:157.33,159.5 1 0
backend/internal/config_gen/generator.go:161.3,161.16 1 0
backend/internal/config_gen/generator.go:163.2,163.12 1 0
backend/internal/config_gen/mtproxy.go:14.46,75.2 2 0
backend/internal/config_gen/mtproxy.go:78.118,83.51 2 0
backend/internal/config_gen/mtproxy.go:83.51,85.3 1 0
backend/internal/config_gen/mtproxy.go:87.2,104.15 8 0
backend/internal/config_gen/mtproxy.go:104.15,106.3 1 0
backend/internal/config_gen/mtproxy.go:108.2,108.19 1 0
backend/internal/config_gen/mtproxy.go:108.19,111.3 2 0
backend/internal/config_gen/mtproxy.go:114.2,115.16 2 0
backend/internal/config_gen/mtproxy.go:115.16,117.3 1 0
backend/internal/config_gen/mtproxy.go:119.2,119.18 1 0
backend/internal/config_gen/mtproxy.go:123.89,125.57 1 0
backend/internal/config_gen/mtproxy.go:125.57,127.3 1 0
backend/internal/config_gen/mtproxy.go:130.2,131.23 2 0
backend/internal/config_gen/mtproxy.go:131.23,133.3 1 0
backend/internal/config_gen/mtproxy.go:136.2,136.30 1 0
backend/internal/config_gen/mtproxy.go:136.30,137.102 1 0
backend/internal/config_gen/mtproxy.go:137.102,139.4 1 0
backend/internal/config_gen/mtproxy.go:142.2,142.12 1 0
backend/internal/config_gen/mtproxy.go:146.55,148.2 1 0
backend/internal/config_gen/mtproxy.go:151.53,153.2 1 0
backend/internal/config_gen/psiphon.go:13.46,92.2 2 0
backend/internal/config_gen/psiphon.go:95.118,100.51 2 0
backend/internal/config_gen/psiphon.go:100.51,102.3 1 0
backend/internal/config_gen/psiphon.go:104.2,126.92 8 0
backend/internal/config_gen/psiphon.go:126.92,128.3 1 0
backend/internal/config_gen/psiphon.go:130.2,130.72 1 0
backend/internal/config_gen/psiphon.go:130.72,132.3 1 0
backend/internal/config_gen/psiphon.go:134.2,134.91 1 0
backend/internal/config_gen/psiphon.go:134.91,136.3 1 0
backend/internal/config_gen/psiphon.go:139.2,139.36 1 0
backend/internal/config_gen/psiphon.go:143.89,145.57 1 0
backend/internal/config_gen/psiphon.go:145.57,147.3 1 0
backend/internal/config_gen/psiphon.go:150.2,150.126 1 0
backend/internal/config_gen/psiphon.go:150.126,151.27 1 0
backend/internal/config_gen/psiphon.go:151.27,153.4 1 0
backend/internal/config_gen/psiphon.go:157.2,157.138 1 0
backend/internal/config_gen/psiphon.go:157.138,158.27 1 0
backend/internal/config_gen/psiphon.go:158.27,160.4 1 0
backend/internal/config_gen/psiphon.go:164.2,164.91 1 0
backend/internal/config_gen/psiphon.go:164.91,165.52 1 0
backend/internal/config_gen/psiphon.go:165.52,167.4 1 0
backend/internal/config_gen/psiphon.go:170.2,170.12 1 0
backend/internal/config_gen/psiphon.go:174.55,176.2 1 0
backend/internal/config_gen/psiphon.go:179.53,181.2 1 0
backend/internal/config_gen/registry.go:15.30,19.2 1 1
backend/internal/config_gen/registry.go:22.62,23.22 1 1
backend/internal/config_gen/registry.go:23.22,25.3 1 1
backend/internal/config_gen/registry.go:27.2,28.23 2 1
backend/internal/config_gen/registry.go:28.23,30.3 1 0
backend/internal/config_gen/registry.go:32.2,35.52 3 1
backend/internal/config_gen/registry.go:35.52,37.3 1 1
backend/internal/config_gen/registry.go:39.2,40.12 2 1
backend/internal/config_gen/registry.go:44.69,49.13 4 1
backend/internal/config_gen/registry.go:49.13,51.3 1 1
backend/internal/config_gen/registry.go:53.2,53.23 1 1
backend/internal/config_gen/registry.go:57.49,63.2 4 1
backend/internal/config_gen/registry.go:66.36,71.40 4 1
backend/internal/config_gen/registry.go:71.40,73.3 1 1
backend/internal/config_gen/registry.go:74.2,74.14 1 1
backend/internal/config_gen/registry.go:78.57,82.53 3 1
backend/internal/config_gen/registry.go:82.53,84.3 1 1
backend/internal/config_gen/registry.go:86.2,87.12 2 1
backend/internal/config_gen/registry.go:91.32,96.2 3 1
backend/internal/config_gen/registry.go:99.28,104.2 3 1
backend/internal/config_gen/registry.go:107.73,109.16 2 1
backend/internal/config_gen/registry.go:109.16,111.3 1 1
backend/internal/config_gen/registry.go:113.2,113.35 1 1
backend/internal/config_gen/registry.go:117.123,119.16 2 1
backend/internal/config_gen/registry.go:119.16,121.3 1 1
backend/internal/config_gen/registry.go:123.2,123.55 1 1
backend/internal/config_gen/registry.go:127.101,129.16 2 1
backend/internal/config_gen/registry.go:129.16,131.3 1 1
backend/internal/config_gen/registry.go:133.2,133.43 1 1
backend/internal/config_gen/schema.go:32.41,33.25 1 1
backend/internal/config_gen/schema.go:33.25,35.3 1 1
backend/internal/config_gen/schema.go:36.2,36.21 1 1
backend/internal/config_gen/schema.go:36.21,38.3 1 1
backend/internal/config_gen/schema.go:39.2,39.24 1 1
backend/internal/config_gen/schema.go:39.24,41.3 1 1
backend/internal/config_gen/schema.go:44.2,45.33 2 1
backend/internal/config_gen/schema.go:45.33,46.23 1 1
backend/internal/config_gen/schema.go:46.23,48.4 1 0
backend/internal/config_gen/schema.go:49.3,49.29 1 1
backend/internal/config_gen/schema.go:49.29,51.4 1 1
backend/internal/config_gen/schema.go:52.3,54.23 2 1
backend/internal/config_gen/schema.go:54.23,56.4 1 0
backend/internal/config_gen/schema.go:58.3,66.30 2 1
backend/internal/config_gen/schema.go:66.30,68.4 1 1
backend/internal/config_gen/schema.go:71.3,71.57 1 1
backend/internal/config_gen/schema.go:71.57,73.4 1 1
backend/internal/config_gen/schema.go:76.3,76.27 1 1
backend/internal/config_gen/schema.go:76.27,77.102 1 1
backend/internal/config_gen/schema.go:77.102,79.5 1 0
backend/internal/config_gen/schema.go:83.2,83.12 1 1
backend/internal/config_gen/schema.go:87.76,89.33 1 1
backend/internal/config_gen/schema.go:89.33,92.14 2 1
backend/internal/config_gen/schema.go:92.14,93.22 1 1
backend/internal/config_gen/schema.go:93.22,95.5 1 1
backend/internal/config_gen/schema.go:96.4,96.12 1 1
backend/internal/config_gen/schema.go:100.3,100.93 1 1
backend/internal/config_gen/schema.go:100.93,102.4 1 1
backend/internal/config_gen/schema.go:105.3,105.68 1 1
backend/internal/config_gen/schema.go:105.68,107.29 2 1
backend/internal/config_gen/schema.go:108.13,109.15 1 1
backend/internal/config_gen/schema.go:110.17,111.20 1 0
backend/internal/config_gen/schema.go:112.12,113.75 1 0
backend/internal/config_gen/schema.go:116.4,116.47 1 1
backend/internal/config_gen/schema.go:116.47,118.5 1 0
backend/internal/config_gen/schema.go:119.4,119.47 1 1
backend/internal/config_gen/schema.go:119.47,121.5 1 0
backend/internal/config_gen/schema.go:126.2,127.33 2 1
backend/internal/config_gen/schema.go:127.33,129.3 1 1
backend/internal/config_gen/schema.go:130.2,130.26 1 1
backend/internal/config_gen/schema.go:130.26,131.21 1 1
backend/internal/config_gen/schema.go:131.21,133.4 1 1
backend/internal/config_gen/schema.go:136.2,136.12 1 1
backend/internal/config_gen/schema.go:140.100,141.18 1 1
backend/internal/config_gen/schema.go:141.18,143.3 1 0
backend/internal/config_gen/schema.go:145.2,145.19 1 1
backend/internal/config_gen/schema.go:146.16,147.35 1 1
backend/internal/config_gen/schema.go:147.35,149.4 1 0
backend/internal/config_gen/schema.go:151.13,152.23 1 1
backend/internal/config_gen/schema.go:153.21,153.21 0 1
backend/internal/config_gen/schema.go:155.11,156.73 1 0
backend/internal/config_gen/schema.go:159.14,160.33 1 1
backend/internal/config_gen/schema.go:160.33,162.4 1 0
backend/internal/config_gen/schema.go:164.12,166.10 2 1
backend/internal/config_gen/schema.go:166.10,168.4 1 0
backend/internal/config_gen/schema.go:169.3,169.33 1 1
backend/internal/config_gen/schema.go:169.33,171.4 1 1
backend/internal/config_gen/schema.go:173.14,175.28 2 1
backend/internal/config_gen/schema.go:176.12,177.14 1 1
backend/internal/config_gen/schema.go:178.16,179.19 1 0
backend/internal/config_gen/schema.go:180.11,181.81 1 0
backend/internal/config_gen/schema.go:183.3,183.35 1 1
backend/internal/config_gen/schema.go:183.35,185.4 1 1
backend/internal/config_gen/schema.go:187.14,189.10 2 1
backend/internal/config_gen/schema.go:189.10,191.4 1 0
backend/internal/config_gen/schema.go:192.3,193.38 2 1
backend/internal/config_gen/schema.go:193.38,194.25 1 1
backend/internal/config_gen/schema.go:194.25,196.10 2 1
backend/internal/config_gen/schema.go:199.3,199.17 1 1
backend/internal/config_gen/schema.go:199.17,201.4 1 1
backend/internal/config_gen/schema.go:203.10,204.75 1 0
backend/internal/config_gen/schema.go:207.2,207.12 1 1
backend/internal/config_gen/schema.go:211.100,215.33 2 1
backend/internal/config_gen/schema.go:215.33,216.27 1 1
backend/internal/config_gen/schema.go:216.27,218.4 1 1
backend/internal/config_gen/schema.go:222.2,222.37 1 1
backend/internal/config_gen/schema.go:222.37,224.3 1 1
backend/internal/config_gen/schema.go:226.2,226.15 1 1
backend/internal/config_gen/schema.go:230.49,232.2 1 1
backend/internal/config_gen/schema.go:235.51,237.54 2 1
backend/internal/config_gen/schema.go:237.54,239.3 1 0
backend/internal/config_gen/schema.go:240.2,240.42 1 1
backend/internal/config_gen/schema.go:240.42,242.3 1 0
backend/internal/config_gen/schema.go:243.2,243.21 1 1
backend/internal/config_gen/service.go:42.72,43.25 1 0
backend/internal/config_gen/service.go:43.25,45.3 1 0
backend/internal/config_gen/service.go:46.2,46.22 1 0
backend/internal/config_gen/service.go:46.22,48.3 1 0
backend/internal/config_gen/service.go:49.2,49.25 1 0
backend/internal/config_gen/service.go:49.25,51.3 1 0
backend/internal/config_gen/service.go:52.2,52.29 1 0
backend/internal/config_gen/service.go:52.29,54.3 1 0
backend/internal/config_gen/service.go:56.2,66.8 2 0
backend/internal/config_gen/service.go:70.117,75.16 2 0
backend/internal/config_gen/service.go:75.16,76.26 1 0
backend/internal/config_gen/service.go:76.26,78.4 1 0
backend/internal/config_gen/service.go:79.3,79.57 1 0
backend/internal/config_gen/service.go:83.2,84.16 2 0
backend/internal/config_gen/service.go:84.16,86.3 1 0
backend/internal/config_gen/service.go:89.2,90.16 2 0
backend/internal/config_gen/service.go:90.16,92.3 1 0
backend/internal/config_gen/service.go:95.2,95.59 1 0
backend/internal/config_gen/service.go:95.59,97.3 1 0
backend/internal/config_gen/service.go:99.2,99.12 1 0
backend/internal/config_gen/service.go:103.99,105.16 2 0
backend/internal/config_gen/service.go:105.16,107.3 1 0
backend/internal/config_gen/service.go:109.2,109.20 1 0
backend/internal/config_gen/service.go:113.107,118.16 2 0
backend/internal/config_gen/service.go:118.16,119.26 1 0
backend/internal/config_gen/service.go:119.26,121.4 1 0
backend/internal/config_gen/service.go:122.3,122.62 1 0
backend/internal/config_gen/service.go:126.2,126.28 1 0
backend/internal/config_gen/service.go:126.28,128.3 1 0
backend/internal/config_gen/service.go:130.2,130.29 1 0
backend/internal/config_gen/service.go:134.114,139.16 2 0
backend/internal/config_gen/service.go:139.16,140.26 1 0
backend/internal/config_gen/service.go:140.26,142.4 1 0
backend/internal/config_gen/service.go:143.3,143.57 1 0
backend/internal/config_gen/service.go:146.2,153.16 3 0
backend/internal/config_gen/service.go:153.16,155.3 1 0
backend/internal/config_gen/service.go:158.2,159.16 2 0
backend/internal/config_gen/service.go:159.16,161.3 1 0
backend/internal/config_gen/service.go:163.2,169.59 2 0
backend/internal/config_gen/service.go:169.59,171.3 1 0
backend/internal/config_gen/service.go:174.2,175.16 2 0
backend/internal/config_gen/service.go:175.16,177.3 1 0
backend/internal/config_gen/service.go:180.2,185.53 4 0
backend/internal/config_gen/service.go:185.53,187.3 1 0
backend/internal/config_gen/service.go:192.2,193.61 2 0
backend/internal/config_gen/service.go:193.61,195.3 1 0
backend/internal/config_gen/service.go:196.2,200.52 3 0
backend/internal/config_gen/service.go:200.52,202.64 1 0
backend/internal/config_gen/service.go:202.64,207.4 1 0
backend/internal/config_gen/service.go:207.9,211.4 1 0
backend/internal/config_gen/service.go:215.2,216.68 2 0
backend/internal/config_gen/service.go:216.68,218.3 1 0
backend/internal/config_gen/service.go:221.2,221.61 1 0
backend/internal/config_gen/service.go:221.61,226.56 2 0
backend/internal/config_gen/service.go:226.56,227.79 1 0
backend/internal/config_gen/service.go:227.79,231.5 1 0
backend/internal/config_gen/service.go:234.3,234.53 1 0
backend/internal/config_gen/service.go:237.2,246.16 3 0
backend/internal/config_gen/service.go:246.16,255.3 2 0
backend/internal/config_gen/service.go:258.2,258.122 1 0
backend/internal/config_gen/service.go:258.122,264.3 1 0
backend/internal/config_gen/service.go:266.2,272.12 2 0
backend/internal/config_gen/service.go:276.103,278.27 1 0
backend/internal/config_gen/service.go:278.27,280.3 1 0
backend/internal/config_gen/service.go:283.2,283.28 1 0
backend/internal/config_gen/service.go:283.28,285.3 1 0
backend/internal/config_gen/service.go:290.2,290.78 1 0
backend/internal/config_gen/service.go:294.99,299.16 2 0
backend/internal/config_gen/service.go:299.16,300.26 1 0
backend/internal/config_gen/service.go:300.26,302.4 1 0
backend/internal/config_gen/service.go:303.3,303.61 1 0
backend/internal/config_gen/service.go:307.2,308.16 2 0
backend/internal/config_gen/service.go:308.16,310.3 1 0
backend/internal/config_gen/service.go:312.2,317.62 5 0
backend/internal/config_gen/singbox.go:13.46,78.2 2 0
backend/internal/config_gen/singbox.go:81.118,86.51 2 0
backend/internal/config_gen/singbox.go:86.51,88.3 1 0
backend/internal/config_gen/singbox.go:91.2,92.69 2 0
backend/internal/config_gen/singbox.go:92.69,94.3 1 0
backend/internal/config_gen/singbox.go:97.2,135.70 7 0
backend/internal/config_gen/singbox.go:135.70,143.3 1 0
backend/internal/config_gen/singbox.go:146.2,146.36 1 0
backend/internal/config_gen/singbox.go:150.89,152.57 1 0
backend/internal/config_gen/singbox.go:152.57,154.3 1 0
backend/internal/config_gen/singbox.go:157.2,158.66 2 0
backend/internal/config_gen/singbox.go:158.66,160.3 1 0
backend/internal/config_gen/singbox.go:163.2,163.81 1 0
backend/internal/config_gen/singbox.go:163.81,164.52 1 0
backend/internal/config_gen/singbox.go:164.52,166.4 1 0
backend/internal/config_gen/singbox.go:169.2,169.12 1 0
backend/internal/config_gen/singbox.go:173.55,175.2 1 0
backend/internal/config_gen/singbox.go:178.53,180.2 1 0
backend/internal/config_gen/singbox.go:183.81,184.33 1 0
backend/internal/config_gen/singbox.go:185.11,186.11 1 0
backend/internal/config_gen/singbox.go:187.15,188.16 1 0
backend/internal/config_gen/singbox.go:189.10,190.20 1 0
backend/internal/config_gen/template.go:19.29,21.2 1 0
backend/internal/config_gen/template.go:24.46,26.29 2 0
backend/internal/config_gen/template.go:26.29,27.12 1 0
backend/internal/config_gen/template.go:27.12,29.4 1 0
backend/internal/config_gen/template.go:30.3,30.17 1 0
backend/internal/config_gen/template.go:32.2,32.15 1 0
backend/internal/config_gen/template.go:36.52,37.17 1 0
backend/internal/config_gen/template.go:37.17,39.3 1 0
backend/internal/config_gen/template.go:40.2,40.19 1 0
backend/internal/config_gen/template.go:44.50,45.29 1 0
backend/internal/config_gen/template.go:45.29,46.20 1 0
backend/internal/config_gen/template.go:46.20,48.4 1 0
backend/internal/config_gen/template.go:50.2,50.14 1 0
backend/internal/config_gen/template.go:54.29,56.2 1 0
backend/internal/config_gen/template.go:59.29,61.2 1 0
backend/internal/config_gen/template.go:64.70,66.16 2 0
backend/internal/config_gen/template.go:66.16,68.3 1 0
backend/internal/config_gen/template.go:69.2,69.18 1 0
backend/internal/config_gen/template.go:74.65,76.16 2 0
backend/internal/config_gen/template.go:76.16,77.13 1 0
backend/internal/config_gen/template.go:79.2,79.13 1 0
backend/internal/config_gen/test_helpers.go:6.44,8.2 1 1
backend/internal/config_gen/tor.go:52.38,150.2 3 0
backend/internal/config_gen/tor.go:153.114,158.51 2 0
backend/internal/config_gen/tor.go:158.51,160.3 1 0
backend/internal/config_gen/tor.go:163.2,166.31 2 0
backend/internal/config_gen/tor.go:170.85,172.57 1 0
backend/internal/config_gen/tor.go:172.57,174.3 1 0
backend/internal/config_gen/tor.go:177.2,178.25 2 0
backend/internal/config_gen/tor.go:178.25,180.56 1 0
backend/internal/config_gen/tor.go:180.56,182.4 1 0
backend/internal/config_gen/tor.go:186.2,187.24 2 0
backend/internal/config_gen/tor.go:187.24,189.3 1 0
backend/internal/config_gen/tor.go:192.2,193.51 2 0
backend/internal/config_gen/tor.go:193.51,195.3 1 0
backend/internal/config_gen/tor.go:197.2,197.12 1 0
backend/internal/config_gen/tor.go:201.51,203.2 1 0
backend/internal/config_gen/tor.go:206.49,208.2 1 0
backend/internal/config_gen/tor.go:211.25,213.2 1 0
backend/internal/config_gen/validators.go:11.38,12.14 1 1
backend/internal/config_gen/validators.go:12.14,14.3 1 1
backend/internal/config_gen/validators.go:16.2,17.21 2 1
backend/internal/config_gen/validators.go:17.21,19.3 1 1
backend/internal/config_gen/validators.go:22.2,22.30 1 1
backend/internal/config_gen/validators.go:22.30,24.3 1 1
backend/internal/config_gen/validators.go:27.2,27.27 1 1
backend/internal/config_gen/validators.go:27.27,29.3 1 1
backend/internal/config_gen/validators.go:31.2,31.12 1 1
backend/internal/config_gen/validators.go:35.35,36.30 1 1
backend/internal/config_gen/validators.go:36.30,38.3 1 1
backend/internal/config_gen/validators.go:39.2,39.12 1 1
backend/internal/config_gen/validators.go:43.47,45.60 2 0
backend/internal/config_gen/validators.go:45.60,47.3 1 0
backend/internal/config_gen/validators.go:48.2,48.27 1 0
backend/internal/config_gen/validators.go:52.54,53.36 1 1
backend/internal/config_gen/validators.go:53.36,55.3 1 1
backend/internal/config_gen/validators.go:56.2,56.12 1 1
backend/internal/config_gen/validators.go:60.74,61.40 1 1
backend/internal/config_gen/validators.go:61.40,62.23 1 1
backend/internal/config_gen/validators.go:62.23,64.4 1 1
backend/internal/config_gen/validators.go:66.2,66.84 1 1
backend/internal/config_gen/validators.go:70.65,71.32 1 1
backend/internal/config_gen/validators.go:71.32,73.3 1 1
backend/internal/config_gen/validators.go:74.2,74.12 1 1
backend/internal/config_gen/validators.go:78.58,79.16 1 1
backend/internal/config_gen/validators.go:79.16,81.3 1 1
backend/internal/config_gen/validators.go:82.2,82.12 1 1
backend/internal/config_gen/validators.go:86.45,87.20 1 1
backend/internal/config_gen/validators.go:87.20,89.3 1 1
backend/internal/config_gen/validators.go:90.2,90.25 1 1
backend/internal/config_gen/validators.go:90.25,92.3 1 0
backend/internal/config_gen/validators.go:94.2,94.32 1 1
backend/internal/config_gen/validators.go:94.32,98.32 1 1
backend/internal/config_gen/validators.go:98.32,100.4 1 1
backend/internal/config_gen/validators.go:102.2,102.12 1 1
backend/internal/config_gen/validators.go:106.36,107.15 1 1
backend/internal/config_gen/validators.go:107.15,109.3 1 1
backend/internal/config_gen/validators.go:110.2,110.79 1 1
backend/internal/config_gen/validators.go:110.79,112.3 1 1
backend/internal/config_gen/validators.go:113.2,113.12 1 1
backend/internal/config_gen/validators.go:117.40,118.17 1 1
backend/internal/config_gen/validators.go:118.17,120.3 1 1
backend/internal/config_gen/validators.go:121.2,121.35 1 1
backend/internal/config_gen/validators.go:121.35,123.3 1 1
backend/internal/config_gen/validators.go:124.2,125.57 2 1
backend/internal/config_gen/validators.go:125.57,127.3 1 1
backend/internal/config_gen/validators.go:128.2,128.12 1 1
backend/internal/config_gen/xray.go:13.40,85.2 2 0
backend/internal/config_gen/xray.go:88.115,93.51 2 0
backend/internal/config_gen/xray.go:93.51,95.3 1 0
backend/internal/config_gen/xray.go:97.2,114.16 8 0
backend/internal/config_gen/xray.go:114.16,129.3 3 0
backend/internal/config_gen/xray.go:131.2,138.27 2 0
backend/internal/config_gen/xray.go:138.27,140.3 1 0
backend/internal/config_gen/xray.go:143.2,143.79 1 0
backend/internal/config_gen/xray.go:143.79,149.3 1 0
backend/internal/config_gen/xray.go:151.2,169.33 2 0
backend/internal/config_gen/xray.go:173.86,175.57 1 0
backend/internal/config_gen/xray.go:175.57,177.3 1 0
backend/internal/config_gen/xray.go:180.2,181.21 2 0
backend/internal/config_gen/xray.go:181.21,183.3 1 0
backend/internal/config_gen/xray.go:186.2,187.16 2 0
backend/internal/config_gen/xray.go:187.16,191.33 3 0
backend/internal/config_gen/xray.go:191.33,193.4 1 0
backend/internal/config_gen/xray.go:194.3,194.31 1 0
backend/internal/config_gen/xray.go:194.31,196.4 1 0
backend/internal/config_gen/xray.go:199.2,199.12 1 0
backend/internal/config_gen/xray.go:203.52,205.2 1 0
backend/internal/config_gen/xray.go:208.50,210.2 1 0
