mode: set
backend/internal/router/fallback_chain.go:38.61,44.2 1 1
backend/internal/router/fallback_chain.go:77.84,79.2 1 1
backend/internal/router/fallback_chain.go:87.18,99.38 2 1
backend/internal/router/fallback_chain.go:99.38,101.3 1 1
backend/internal/router/fallback_chain.go:103.2,103.11 1 1
backend/internal/router/fallback_chain.go:108.70,112.2 3 1
backend/internal/router/fallback_chain.go:115.132,116.30 1 1
backend/internal/router/fallback_chain.go:116.30,118.3 1 1
backend/internal/router/fallback_chain.go:120.2,133.69 6 1
backend/internal/router/fallback_chain.go:133.69,135.3 1 0
backend/internal/router/fallback_chain.go:137.2,137.31 1 1
backend/internal/router/fallback_chain.go:141.122,149.51 2 1
backend/internal/router/fallback_chain.go:149.51,151.4 1 1
backend/internal/router/fallback_chain.go:152.78,154.4 1 1
backend/internal/router/fallback_chain.go:159.61,168.41 5 1
backend/internal/router/fallback_chain.go:168.41,174.40 3 1
backend/internal/router/fallback_chain.go:174.40,176.12 2 1
backend/internal/router/fallback_chain.go:180.3,180.52 1 1
backend/internal/router/fallback_chain.go:180.52,182.4 1 1
backend/internal/router/fallback_chain.go:184.3,184.17 1 1
backend/internal/router/fallback_chain.go:184.17,190.4 4 1
backend/internal/router/fallback_chain.go:192.3,193.16 2 1
backend/internal/router/fallback_chain.go:197.2,198.20 2 1
backend/internal/router/fallback_chain.go:198.20,200.3 1 1
backend/internal/router/fallback_chain.go:201.2,203.68 2 1
backend/internal/router/fallback_chain.go:207.95,209.16 2 1
backend/internal/router/fallback_chain.go:209.16,211.3 1 0
backend/internal/router/fallback_chain.go:213.2,214.16 2 1
backend/internal/router/fallback_chain.go:214.16,216.3 1 1
backend/internal/router/fallback_chain.go:218.2,219.21 2 1
backend/internal/router/fallback_chain.go:223.45,227.27 3 1
backend/internal/router/fallback_chain.go:227.27,233.3 4 1
backend/internal/router/fallback_chain.go:234.2,234.12 1 0
backend/internal/router/fallback_chain.go:238.45,242.2 3 1
backend/internal/router/fallback_chain.go:245.53,249.2 3 1
backend/internal/router/fallback_chain.go:252.54,256.2 3 0
backend/internal/router/fallback_chain.go:259.99,265.20 5 1
backend/internal/router/fallback_chain.go:265.20,267.3 1 1
backend/internal/router/fallback_chain.go:270.2,272.56 2 1
backend/internal/router/fallback_chain.go:272.56,274.3 1 1
backend/internal/router/fallback_chain.go:276.2,276.16 1 1
backend/internal/router/fallback_chain.go:276.16,278.40 1 0
backend/internal/router/fallback_chain.go:278.40,281.4 2 0
backend/internal/router/fallback_chain.go:282.3,282.18 1 0
backend/internal/router/fallback_chain.go:285.2,285.37 1 1
backend/internal/router/fallback_chain.go:289.98,295.20 5 1
backend/internal/router/fallback_chain.go:295.20,297.3 1 1
backend/internal/router/fallback_chain.go:299.2,301.56 2 0
backend/internal/router/fallback_chain.go:301.56,303.3 1 0
backend/internal/router/fallback_chain.go:305.2,305.16 1 0
backend/internal/router/fallback_chain.go:305.16,306.40 1 0
backend/internal/router/fallback_chain.go:306.40,308.4 1 0
backend/internal/router/fallback_chain.go:309.3,309.18 1 0
backend/internal/router/fallback_chain.go:312.2,312.35 1 0
backend/internal/router/fallback_chain.go:316.64,326.27 5 0
backend/internal/router/fallback_chain.go:326.27,329.3 2 0
backend/internal/router/fallback_chain.go:332.2,332.41 1 0
backend/internal/router/fallback_chain.go:332.41,334.40 2 0
backend/internal/router/fallback_chain.go:334.40,335.12 1 0
backend/internal/router/fallback_chain.go:338.3,338.52 1 0
backend/internal/router/fallback_chain.go:338.52,340.4 1 0
backend/internal/router/fallback_chain.go:342.3,342.17 1 0
backend/internal/router/fallback_chain.go:342.17,348.4 4 0
backend/internal/router/fallback_chain.go:351.2,352.86 2 0
backend/internal/router/fallback_chain.go:356.64,359.12 2 0
backend/internal/router/fallback_chain.go:359.12,363.7 3 0
backend/internal/router/fallback_chain.go:363.7,364.11 1 0
backend/internal/router/fallback_chain.go:365.22,366.11 1 0
backend/internal/router/fallback_chain.go:367.30,368.11 1 0
backend/internal/router/fallback_chain.go:369.20,370.31 1 0
backend/internal/router/fallback_chain.go:377.44,378.31 1 0
backend/internal/router/fallback_chain.go:378.31,380.3 1 0
backend/internal/router/fallback_chain.go:384.66,389.15 4 0
backend/internal/router/fallback_chain.go:389.15,395.17 2 0
backend/internal/router/fallback_chain.go:395.17,397.4 1 0
backend/internal/router/fallback_chain.go:398.3,398.9 1 0
backend/internal/router/fallback_chain.go:402.2,403.26 2 0
backend/internal/router/fallback_chain.go:407.72,409.37 2 1
backend/internal/router/fallback_chain.go:409.37,411.3 1 1
backend/internal/router/fallback_chain.go:412.2,412.15 1 1
backend/internal/router/fallback_chain.go:416.67,420.27 3 1
backend/internal/router/fallback_chain.go:420.27,426.3 1 1
backend/internal/router/fallback_chain.go:428.2,431.48 2 1
backend/internal/router/fallback_chain.go:431.48,433.3 1 1
backend/internal/router/fallback_chain.go:435.2,435.15 1 1
backend/internal/router/fallback_chain.go:439.54,444.20 4 1
backend/internal/router/fallback_chain.go:444.20,446.3 1 1
backend/internal/router/fallback_chain.go:448.2,448.23 1 0
backend/internal/router/fallback_chain.go:452.62,457.20 4 0
backend/internal/router/fallback_chain.go:457.20,459.3 1 0
backend/internal/router/fallback_chain.go:461.2,461.31 1 0
backend/internal/router/protocol_cache.go:35.40,37.2 1 1
backend/internal/router/protocol_cache.go:40.62,41.21 1 1
backend/internal/router/protocol_cache.go:41.21,43.3 1 0
backend/internal/router/protocol_cache.go:45.2,49.3 1 1
backend/internal/router/protocol_cache.go:53.74,55.2 1 1
backend/internal/router/protocol_cache.go:58.60,62.34 3 1
backend/internal/router/protocol_cache.go:62.34,67.3 3 1
backend/internal/router/protocol_cache.go:69.2,69.28 1 1
backend/internal/router/protocol_cache.go:73.60,83.34 4 1
backend/internal/router/protocol_cache.go:83.34,88.3 3 1
backend/internal/router/protocol_cache.go:91.2,91.33 1 1
backend/internal/router/protocol_cache.go:91.33,93.3 1 1
backend/internal/router/protocol_cache.go:96.2,101.21 3 1
backend/internal/router/protocol_cache.go:105.51,109.34 3 1
backend/internal/router/protocol_cache.go:109.34,114.31 3 1
backend/internal/router/protocol_cache.go:114.31,117.4 2 1
backend/internal/router/protocol_cache.go:122.51,126.34 3 1
backend/internal/router/protocol_cache.go:126.34,131.3 4 1
backend/internal/router/protocol_cache.go:135.48,139.34 3 1
backend/internal/router/protocol_cache.go:139.34,142.3 2 1
backend/internal/router/protocol_cache.go:146.33,152.2 4 1
backend/internal/router/protocol_cache.go:155.35,159.2 3 1
backend/internal/router/protocol_cache.go:162.41,167.61 4 1
backend/internal/router/protocol_cache.go:167.61,170.3 2 1
backend/internal/router/protocol_cache.go:171.2,171.13 1 1
backend/internal/router/protocol_cache.go:175.39,177.17 2 1
backend/internal/router/protocol_cache.go:177.17,181.3 3 1
backend/internal/router/protocol_cache.go:185.56,190.61 4 1
backend/internal/router/protocol_cache.go:190.61,193.3 2 1
backend/internal/router/protocol_cache.go:194.2,194.15 1 1
backend/internal/router/protocol_cache.go:198.63,208.34 6 1
backend/internal/router/protocol_cache.go:208.34,209.28 1 1
backend/internal/router/protocol_cache.go:209.28,210.9 1 0
backend/internal/router/protocol_cache.go:213.3,219.10 4 1
backend/internal/router/protocol_cache.go:227.46,229.2 1 1
backend/internal/router/types.go:24.35,25.11 1 1
backend/internal/router/types.go:26.20,27.16 1 1
backend/internal/router/types.go:28.19,29.15 1 1
backend/internal/router/types.go:30.22,31.19 1 1
backend/internal/router/types.go:32.19,33.15 1 1
backend/internal/router/types.go:34.22,35.18 1 1
backend/internal/router/types.go:36.10,37.19 1 1
backend/internal/router/types.go:42.37,43.11 1 1
backend/internal/router/types.go:44.20,45.12 1 1
backend/internal/router/types.go:46.19,47.14 1 1
backend/internal/router/types.go:48.22,49.14 1 1
backend/internal/router/types.go:50.19,51.12 1 1
backend/internal/router/types.go:52.22,53.12 1 1
backend/internal/router/types.go:54.10,55.11 1 1
backend/internal/router/types.go:76.43,77.11 1 1
backend/internal/router/types.go:78.26,79.24 1 1
backend/internal/router/types.go:80.24,81.22 1 1
backend/internal/router/types.go:82.23,83.21 1 1
backend/internal/router/types.go:84.26,85.24 1 1
backend/internal/router/types.go:86.19,87.17 1 1
backend/internal/router/types.go:88.10,89.19 1 1
backend/internal/router/types.go:160.42,161.17 1 1
backend/internal/router/types.go:161.17,163.3 1 1
backend/internal/router/types.go:164.2,164.17 1 1
backend/internal/router/types.go:164.17,166.3 1 1
backend/internal/router/types.go:167.2,167.47 1 1
backend/internal/router/types.go:170.52,172.2 1 1
backend/internal/router/types.go:174.52,176.2 1 1
backend/internal/router/types.go:178.30,179.12 1 1
backend/internal/router/types.go:179.12,181.3 1 0
backend/internal/router/types.go:182.2,182.11 1 1
backend/internal/router/types.go:182.11,184.3 1 0
backend/internal/router/types.go:185.2,185.29 1 1
backend/internal/router/types.go:188.38,189.12 1 1
backend/internal/router/types.go:189.12,191.3 1 0
backend/internal/router/types.go:192.2,193.12 2 1
backend/internal/router/types.go:193.12,197.3 3 1
backend/internal/router/types.go:198.2,198.15 1 1
backend/internal/router/types.go:202.46,204.2 1 1
backend/internal/router/types.go:207.44,209.2 1 1
backend/internal/router/types.go:341.39,342.20 1 1
backend/internal/router/types.go:342.20,344.3 1 1
backend/internal/router/types.go:345.2,345.67 1 1
backend/internal/router/types.go:349.39,351.2 1 1
